<?xml version="1.0" encoding="UTF-8"?>
<!-- Generated by org.testng.reporters.JUnitReportReporter -->
<testsuite hostname="Aashwinpc" name="com.kutsAutomation.testRunners.Runner1" tests="1" failures="0" timestamp="18 Oct 2016 13:12:40 GMT" time="21.575" errors="0">
  <testcase name="feature" time="21.575" classname="com.kutsAutomation.testRunners.Runner1"/>
</testsuite> <!-- com.kutsAutomation.testRunners.Runner1 -->
